<?xml version="1.0" encoding="UTF-8"?>
<!-- Generated by org.testng.reporters.JUnitXMLReporter -->
<testsuite hostname="DESKTOP-FUMLMVD" ignored="3" name="Login to Hotel Page" tests="3" failures="0" timestamp="08 Jul 2020 00:23:07 GMT" time="0.334" errors="0">
  <testcase name="customerPage" time="0.077" classname="tests.TestNGConcepts"/>
  <testcase name="dashboard" time="0.007" classname="tests.TestNGConcepts"/>
  <testcase name="logout" time="0.009" classname="tests.TestNGConcepts"/>
  <testcase name="checkTitle" time="0.0" classname="tests.TestNGConcepts">
    <ignored/>
  </testcase> <!-- checkTitle -->
  <testcase name="homePage" time="0.0" classname="tests.TestNGConcepts">
    <ignored/>
  </testcase> <!-- homePage -->
  <testcase name="signIn" time="0.0" classname="tests.TestNGConcepts">
    <ignored/>
  </testcase> <!-- signIn -->
</testsuite> <!-- Login to Hotel Page -->
